===============================
= Setting up the environment =
===============================

Changing directory to the location of the script...
Directory changed to /home/pi/slam-studio-backup



===============================
= Installing Python          =
===============================




===============================
= Installing Dependencies    =
===============================

Creating virtual environment...
Virtual environment created.

Looking in indexes: https://pypi.org/simple, https://www.piwheels.org/simple
Requirement already satisfied: pip in ./env/lib/python3.11/site-packages (23.0.1)
Collecting pip
  Using cached https://www.piwheels.org/simple/pip/pip-25.0.1-py3-none-any.whl (1.8 MB)
Installing collected packages: pip
  Attempting uninstall: pip
    Found existing installation: pip 23.0.1
    Uninstalling pip-23.0.1:
      Successfully uninstalled pip-23.0.1
Successfully installed pip-25.0.1

Looking in indexes: https://pypi.org/simple, https://www.piwheels.org/simple
Requirement already satisfied: numpy in /usr/lib/python3/dist-packages (1.24.2)
Collecting matplotlib
  Using cached matplotlib-3.10.1-cp311-cp311-manylinux_2_17_aarch64.manylinux2014_aarch64.whl.metadata (11 kB)
Requirement already satisfied: pyserial in /usr/lib/python3/dist-packages (3.5)
Collecting contourpy>=1.0.1 (from matplotlib)
  Using cached contourpy-1.3.1-cp311-cp311-manylinux_2_17_aarch64.manylinux2014_aarch64.whl.metadata (5.4 kB)
Collecting cycler>=0.10 (from matplotlib)
  Using cached https://www.piwheels.org/simple/cycler/cycler-0.12.1-py3-none-any.whl (8.3 kB)
Collecting fonttools>=4.22.0 (from matplotlib)
  Using cached fonttools-4.57.0-cp311-cp311-manylinux_2_17_aarch64.manylinux2014_aarch64.whl.metadata (102 kB)
Collecting kiwisolver>=1.3.1 (from matplotlib)
  Using cached kiwisolver-1.4.8-cp311-cp311-manylinux_2_17_aarch64.manylinux2014_aarch64.whl.metadata (6.2 kB)
Collecting packaging>=20.0 (from matplotlib)
  Using cached https://www.piwheels.org/simple/packaging/packaging-24.2-py3-none-any.whl (65 kB)
Requirement already satisfied: pillow>=8 in /usr/lib/python3/dist-packages (from matplotlib) (9.4.0)
Collecting pyparsing>=2.3.1 (from matplotlib)
  Using cached https://www.piwheels.org/simple/pyparsing/pyparsing-3.2.3-py3-none-any.whl (111 kB)
Collecting python-dateutil>=2.7 (from matplotlib)
  Using cached https://www.piwheels.org/simple/python-dateutil/python_dateutil-2.9.0.post0-py2.py3-none-any.whl (229 kB)
Requirement already satisfied: six>=1.5 in /usr/lib/python3/dist-packages (from python-dateutil>=2.7->matplotlib) (1.16.0)
Using cached matplotlib-3.10.1-cp311-cp311-manylinux_2_17_aarch64.manylinux2014_aarch64.whl (8.5 MB)
Using cached contourpy-1.3.1-cp311-cp311-manylinux_2_17_aarch64.manylinux2014_aarch64.whl (313 kB)
Using cached fonttools-4.57.0-cp311-cp311-manylinux_2_17_aarch64.manylinux2014_aarch64.whl (4.9 MB)
Using cached kiwisolver-1.4.8-cp311-cp311-manylinux_2_17_aarch64.manylinux2014_aarch64.whl (1.4 MB)
WARNING: Error parsing dependencies of send2trash: Expected matching RIGHT_PARENTHESIS for LEFT_PARENTHESIS, after version specifier
    sys-platform (=="darwin") ; extra == 'objc'
                 ~^
Installing collected packages: python-dateutil, pyparsing, packaging, kiwisolver, fonttools, cycler, contourpy, matplotlib
Successfully installed contourpy-1.3.1 cycler-0.12.1 fonttools-4.57.0 kiwisolver-1.4.8 matplotlib-3.10.1 packaging-24.2 pyparsing-3.2.3 python-dateutil-2.9.0.post0

Installing BreezySLAM...
Looking in indexes: https://pypi.org/simple, https://www.piwheels.org/simple
Obtaining file:///home/pi/slam-studio-backup/libraries/external/BreezySLAM/python
  Installing build dependencies: started
  Installing build dependencies: finished with status 'done'
  Checking if build backend supports build_editable: started
  Checking if build backend supports build_editable: finished with status 'done'
  Getting requirements to build editable: started
  Getting requirements to build editable: finished with status 'done'
  Preparing editable metadata (pyproject.toml): started
  Preparing editable metadata (pyproject.toml): finished with status 'done'
Building wheels for collected packages: BreezySLAM
  Building editable for BreezySLAM (pyproject.toml): started
  Building editable for BreezySLAM (pyproject.toml): finished with status 'done'
  Created wheel for BreezySLAM: filename=breezyslam-0.1-0.editable-cp311-cp311-linux_aarch64.whl size=1461 sha256=8e9654d9254b5af6135436dd39ec4e7544cc8e733ebe76db4ed81c8135fc14a0
  Stored in directory: /tmp/pip-ephem-wheel-cache-txgq_9gn/wheels/c7/23/3d/6938d7122185f8e4467ffa4a7aecd5eea7b192544bb11608f7
Successfully built BreezySLAM
WARNING: Error parsing dependencies of send2trash: Expected matching RIGHT_PARENTHESIS for LEFT_PARENTHESIS, after version specifier
    sys-platform (=="darwin") ; extra == 'objc'
                 ~^
Installing collected packages: BreezySLAM
Successfully installed BreezySLAM-0.1

Installing pyrplidar...
Looking in indexes: https://pypi.org/simple, https://www.piwheels.org/simple
Obtaining file:///home/pi/slam-studio-backup/libraries/external/pyrplidar
  Installing build dependencies: started
  Installing build dependencies: finished with status 'done'
  Checking if build backend supports build_editable: started
  Checking if build backend supports build_editable: finished with status 'done'
  Getting requirements to build editable: started
  Getting requirements to build editable: finished with status 'done'
  Preparing editable metadata (pyproject.toml): started
  Preparing editable metadata (pyproject.toml): finished with status 'done'
Requirement already satisfied: pyserial in /usr/lib/python3/dist-packages (from pyrplidar==0.1.2) (3.5)
Building wheels for collected packages: pyrplidar
  Building editable for pyrplidar (pyproject.toml): started
  Building editable for pyrplidar (pyproject.toml): finished with status 'done'
  Created wheel for pyrplidar: filename=pyrplidar-0.1.2-0.editable-py3-none-any.whl size=3238 sha256=902a961aa46770d00c22f77a67ea5134e78c3db93c8d1086a020e777efd92de8
  Stored in directory: /tmp/pip-ephem-wheel-cache-8l4imvhf/wheels/91/f9/51/965b6f6b324cc5a99ae1c6c5b5ed91ba6d937fb357c90c0c5d
Successfully built pyrplidar
WARNING: Error parsing dependencies of send2trash: Expected matching RIGHT_PARENTHESIS for LEFT_PARENTHESIS, after version specifier
    sys-platform (=="darwin") ; extra == 'objc'
                 ~^
Installing collected packages: pyrplidar
Successfully installed pyrplidar-0.1.2

Installing opencv-python...
Looking in indexes: https://pypi.org/simple, https://www.piwheels.org/simple
Collecting opencv-python
  Using cached opencv_python-4.11.0.86-cp37-abi3-manylinux_2_17_aarch64.manylinux2014_aarch64.whl.metadata (20 kB)
Requirement already satisfied: numpy>=1.21.2 in /usr/lib/python3/dist-packages (from opencv-python) (1.24.2)
Using cached opencv_python-4.11.0.86-cp37-abi3-manylinux_2_17_aarch64.manylinux2014_aarch64.whl (42.2 MB)
WARNING: Error parsing dependencies of send2trash: Expected matching RIGHT_PARENTHESIS for LEFT_PARENTHESIS, after version specifier
    sys-platform (=="darwin") ; extra == 'objc'
                 ~^
Installing collected packages: opencv-python
Successfully installed opencv-python-4.11.0.86

Installing control...
Looking in indexes: https://pypi.org/simple, https://www.piwheels.org/simple
Obtaining file:///home/pi/slam-studio-backup/libraries/epp2/control
  Installing build dependencies: started
  Installing build dependencies: finished with status 'done'
  Checking if build backend supports build_editable: started
  Checking if build backend supports build_editable: finished with status 'done'
  Getting requirements to build editable: started
  Getting requirements to build editable: finished with status 'done'
  Preparing editable metadata (pyproject.toml): started
  Preparing editable metadata (pyproject.toml): finished with status 'done'
Requirement already satisfied: numpy in /usr/lib/python3/dist-packages (from control==0.1.0) (1.24.2)
Requirement already satisfied: matplotlib in ./env/lib/python3.11/site-packages (from control==0.1.0) (3.10.1)
Requirement already satisfied: pyserial in /usr/lib/python3/dist-packages (from control==0.1.0) (3.5)
Requirement already satisfied: contourpy>=1.0.1 in ./env/lib/python3.11/site-packages (from matplotlib->control==0.1.0) (1.3.1)
Requirement already satisfied: cycler>=0.10 in ./env/lib/python3.11/site-packages (from matplotlib->control==0.1.0) (0.12.1)
Requirement already satisfied: fonttools>=4.22.0 in ./env/lib/python3.11/site-packages (from matplotlib->control==0.1.0) (4.57.0)
Requirement already satisfied: kiwisolver>=1.3.1 in ./env/lib/python3.11/site-packages (from matplotlib->control==0.1.0) (1.4.8)
Requirement already satisfied: packaging>=20.0 in ./env/lib/python3.11/site-packages (from matplotlib->control==0.1.0) (24.2)
Requirement already satisfied: pillow>=8 in /usr/lib/python3/dist-packages (from matplotlib->control==0.1.0) (9.4.0)
Requirement already satisfied: pyparsing>=2.3.1 in ./env/lib/python3.11/site-packages (from matplotlib->control==0.1.0) (3.2.3)
Requirement already satisfied: python-dateutil>=2.7 in ./env/lib/python3.11/site-packages (from matplotlib->control==0.1.0) (2.9.0.post0)
Requirement already satisfied: six>=1.5 in /usr/lib/python3/dist-packages (from python-dateutil>=2.7->matplotlib->control==0.1.0) (1.16.0)
Building wheels for collected packages: control
  Building editable for control (pyproject.toml): started
  Building editable for control (pyproject.toml): finished with status 'done'
  Created wheel for control: filename=control-0.1.0-0.editable-py3-none-any.whl size=1284 sha256=41f1a7f9c926a98337436263def3c52e86e7f66aa1931155d4276661d70c64cd
  Stored in directory: /tmp/pip-ephem-wheel-cache-f3klymgf/wheels/77/bd/35/35f84df50e5ce0fc10da09405cd3717669bf199d1c500889ac
Successfully built control
WARNING: Error parsing dependencies of send2trash: Expected matching RIGHT_PARENTHESIS for LEFT_PARENTHESIS, after version specifier
    sys-platform (=="darwin") ; extra == 'objc'
                 ~^
Installing collected packages: control
Successfully installed control-0.1.0

Installing display...
Looking in indexes: https://pypi.org/simple, https://www.piwheels.org/simple
Obtaining file:///home/pi/slam-studio-backup/libraries/epp2/display
  Installing build dependencies: started
  Installing build dependencies: finished with status 'done'
  Checking if build backend supports build_editable: started
  Checking if build backend supports build_editable: finished with status 'done'
  Getting requirements to build editable: started
  Getting requirements to build editable: finished with status 'done'
  Preparing editable metadata (pyproject.toml): started
  Preparing editable metadata (pyproject.toml): finished with status 'done'
Requirement already satisfied: numpy in /usr/lib/python3/dist-packages (from display==0.1.0) (1.24.2)
Requirement already satisfied: matplotlib in ./env/lib/python3.11/site-packages (from display==0.1.0) (3.10.1)
Requirement already satisfied: pyserial in /usr/lib/python3/dist-packages (from display==0.1.0) (3.5)
Requirement already satisfied: contourpy>=1.0.1 in ./env/lib/python3.11/site-packages (from matplotlib->display==0.1.0) (1.3.1)
Requirement already satisfied: cycler>=0.10 in ./env/lib/python3.11/site-packages (from matplotlib->display==0.1.0) (0.12.1)
Requirement already satisfied: fonttools>=4.22.0 in ./env/lib/python3.11/site-packages (from matplotlib->display==0.1.0) (4.57.0)
Requirement already satisfied: kiwisolver>=1.3.1 in ./env/lib/python3.11/site-packages (from matplotlib->display==0.1.0) (1.4.8)
Requirement already satisfied: packaging>=20.0 in ./env/lib/python3.11/site-packages (from matplotlib->display==0.1.0) (24.2)
Requirement already satisfied: pillow>=8 in /usr/lib/python3/dist-packages (from matplotlib->display==0.1.0) (9.4.0)
Requirement already satisfied: pyparsing>=2.3.1 in ./env/lib/python3.11/site-packages (from matplotlib->display==0.1.0) (3.2.3)
Requirement already satisfied: python-dateutil>=2.7 in ./env/lib/python3.11/site-packages (from matplotlib->display==0.1.0) (2.9.0.post0)
Requirement already satisfied: six>=1.5 in /usr/lib/python3/dist-packages (from python-dateutil>=2.7->matplotlib->display==0.1.0) (1.16.0)
Building wheels for collected packages: display
  Building editable for display (pyproject.toml): started
  Building editable for display (pyproject.toml): finished with status 'done'
  Created wheel for display: filename=display-0.1.0-0.editable-py3-none-any.whl size=1287 sha256=8cbc331f5d5ae9cd1fea32c93e77b25644d459aa2e674eea423226e7e913d9b1
  Stored in directory: /tmp/pip-ephem-wheel-cache-wc9g5arn/wheels/89/cd/c4/dca2103b8bf41e402b3d36110a5342da668b7109844834a671
Successfully built display
WARNING: Error parsing dependencies of send2trash: Expected matching RIGHT_PARENTHESIS for LEFT_PARENTHESIS, after version specifier
    sys-platform (=="darwin") ; extra == 'objc'
                 ~^
Installing collected packages: display
Successfully installed display-0.1.0

Installing lidar...
Looking in indexes: https://pypi.org/simple, https://www.piwheels.org/simple
Obtaining file:///home/pi/slam-studio-backup/libraries/epp2/lidar
  Installing build dependencies: started
  Installing build dependencies: finished with status 'done'
  Checking if build backend supports build_editable: started
  Checking if build backend supports build_editable: finished with status 'done'
  Getting requirements to build editable: started
  Getting requirements to build editable: finished with status 'done'
  Preparing editable metadata (pyproject.toml): started
  Preparing editable metadata (pyproject.toml): finished with status 'done'
Requirement already satisfied: numpy in /usr/lib/python3/dist-packages (from lidar==0.1.0) (1.24.2)
Requirement already satisfied: matplotlib in ./env/lib/python3.11/site-packages (from lidar==0.1.0) (3.10.1)
Requirement already satisfied: pyserial in /usr/lib/python3/dist-packages (from lidar==0.1.0) (3.5)
Requirement already satisfied: contourpy>=1.0.1 in ./env/lib/python3.11/site-packages (from matplotlib->lidar==0.1.0) (1.3.1)
Requirement already satisfied: cycler>=0.10 in ./env/lib/python3.11/site-packages (from matplotlib->lidar==0.1.0) (0.12.1)
Requirement already satisfied: fonttools>=4.22.0 in ./env/lib/python3.11/site-packages (from matplotlib->lidar==0.1.0) (4.57.0)
Requirement already satisfied: kiwisolver>=1.3.1 in ./env/lib/python3.11/site-packages (from matplotlib->lidar==0.1.0) (1.4.8)
Requirement already satisfied: packaging>=20.0 in ./env/lib/python3.11/site-packages (from matplotlib->lidar==0.1.0) (24.2)
Requirement already satisfied: pillow>=8 in /usr/lib/python3/dist-packages (from matplotlib->lidar==0.1.0) (9.4.0)
Requirement already satisfied: pyparsing>=2.3.1 in ./env/lib/python3.11/site-packages (from matplotlib->lidar==0.1.0) (3.2.3)
Requirement already satisfied: python-dateutil>=2.7 in ./env/lib/python3.11/site-packages (from matplotlib->lidar==0.1.0) (2.9.0.post0)
Requirement already satisfied: six>=1.5 in /usr/lib/python3/dist-packages (from python-dateutil>=2.7->matplotlib->lidar==0.1.0) (1.16.0)
Building wheels for collected packages: lidar
  Building editable for lidar (pyproject.toml): started
  Building editable for lidar (pyproject.toml): finished with status 'done'
  Created wheel for lidar: filename=lidar-0.1.0-0.editable-py3-none-any.whl size=1262 sha256=41938f97674b338275b8e39bec475466336cfe733d8c775d0a01a6c81db9f111
  Stored in directory: /tmp/pip-ephem-wheel-cache-zxi3oukd/wheels/36/5b/7a/1984f5799f5689f1257591a39cff0abef132173815e748a156
Successfully built lidar
WARNING: Error parsing dependencies of send2trash: Expected matching RIGHT_PARENTHESIS for LEFT_PARENTHESIS, after version specifier
    sys-platform (=="darwin") ; extra == 'objc'
                 ~^
Installing collected packages: lidar
Successfully installed lidar-0.1.0

Installing networking...
Looking in indexes: https://pypi.org/simple, https://www.piwheels.org/simple
Obtaining file:///home/pi/slam-studio-backup/libraries/epp2/networking
  Installing build dependencies: started
  Installing build dependencies: finished with status 'done'
  Checking if build backend supports build_editable: started
  Checking if build backend supports build_editable: finished with status 'done'
  Getting requirements to build editable: started
  Getting requirements to build editable: finished with status 'done'
  Preparing editable metadata (pyproject.toml): started
  Preparing editable metadata (pyproject.toml): finished with status 'done'
Requirement already satisfied: numpy in /usr/lib/python3/dist-packages (from networking==0.1.0) (1.24.2)
Requirement already satisfied: matplotlib in ./env/lib/python3.11/site-packages (from networking==0.1.0) (3.10.1)
Requirement already satisfied: pyserial in /usr/lib/python3/dist-packages (from networking==0.1.0) (3.5)
Requirement already satisfied: contourpy>=1.0.1 in ./env/lib/python3.11/site-packages (from matplotlib->networking==0.1.0) (1.3.1)
Requirement already satisfied: cycler>=0.10 in ./env/lib/python3.11/site-packages (from matplotlib->networking==0.1.0) (0.12.1)
Requirement already satisfied: fonttools>=4.22.0 in ./env/lib/python3.11/site-packages (from matplotlib->networking==0.1.0) (4.57.0)
Requirement already satisfied: kiwisolver>=1.3.1 in ./env/lib/python3.11/site-packages (from matplotlib->networking==0.1.0) (1.4.8)
Requirement already satisfied: packaging>=20.0 in ./env/lib/python3.11/site-packages (from matplotlib->networking==0.1.0) (24.2)
Requirement already satisfied: pillow>=8 in /usr/lib/python3/dist-packages (from matplotlib->networking==0.1.0) (9.4.0)
Requirement already satisfied: pyparsing>=2.3.1 in ./env/lib/python3.11/site-packages (from matplotlib->networking==0.1.0) (3.2.3)
Requirement already satisfied: python-dateutil>=2.7 in ./env/lib/python3.11/site-packages (from matplotlib->networking==0.1.0) (2.9.0.post0)
Requirement already satisfied: six>=1.5 in /usr/lib/python3/dist-packages (from python-dateutil>=2.7->matplotlib->networking==0.1.0) (1.16.0)
Building wheels for collected packages: networking
  Building editable for networking (pyproject.toml): started
  Building editable for networking (pyproject.toml): finished with status 'done'
  Created wheel for networking: filename=networking-0.1.0-0.editable-py3-none-any.whl size=1323 sha256=334c676cabb802211b491e7a1b1cc52f89c574a18f1862f3bef048614789d580
  Stored in directory: /tmp/pip-ephem-wheel-cache-sq4b_jby/wheels/fd/8c/26/b21e2b5f316cc35f304bb945efe36e5617516abc4dd264d1b1
Successfully built networking
WARNING: Error parsing dependencies of send2trash: Expected matching RIGHT_PARENTHESIS for LEFT_PARENTHESIS, after version specifier
    sys-platform (=="darwin") ; extra == 'objc'
                 ~^
Installing collected packages: networking
Successfully installed networking-0.1.0

Installing pubsub...
Looking in indexes: https://pypi.org/simple, https://www.piwheels.org/simple
Obtaining file:///home/pi/slam-studio-backup/libraries/epp2/pubsub
  Installing build dependencies: started
  Installing build dependencies: finished with status 'done'
  Checking if build backend supports build_editable: started
  Checking if build backend supports build_editable: finished with status 'done'
  Getting requirements to build editable: started
  Getting requirements to build editable: finished with status 'done'
  Preparing editable metadata (pyproject.toml): started
  Preparing editable metadata (pyproject.toml): finished with status 'done'
Requirement already satisfied: numpy in /usr/lib/python3/dist-packages (from pubsub==0.1.0) (1.24.2)
Requirement already satisfied: matplotlib in ./env/lib/python3.11/site-packages (from pubsub==0.1.0) (3.10.1)
Requirement already satisfied: pyserial in /usr/lib/python3/dist-packages (from pubsub==0.1.0) (3.5)
Requirement already satisfied: contourpy>=1.0.1 in ./env/lib/python3.11/site-packages (from matplotlib->pubsub==0.1.0) (1.3.1)
Requirement already satisfied: cycler>=0.10 in ./env/lib/python3.11/site-packages (from matplotlib->pubsub==0.1.0) (0.12.1)
Requirement already satisfied: fonttools>=4.22.0 in ./env/lib/python3.11/site-packages (from matplotlib->pubsub==0.1.0) (4.57.0)
Requirement already satisfied: kiwisolver>=1.3.1 in ./env/lib/python3.11/site-packages (from matplotlib->pubsub==0.1.0) (1.4.8)
Requirement already satisfied: packaging>=20.0 in ./env/lib/python3.11/site-packages (from matplotlib->pubsub==0.1.0) (24.2)
Requirement already satisfied: pillow>=8 in /usr/lib/python3/dist-packages (from matplotlib->pubsub==0.1.0) (9.4.0)
Requirement already satisfied: pyparsing>=2.3.1 in ./env/lib/python3.11/site-packages (from matplotlib->pubsub==0.1.0) (3.2.3)
Requirement already satisfied: python-dateutil>=2.7 in ./env/lib/python3.11/site-packages (from matplotlib->pubsub==0.1.0) (2.9.0.post0)
Requirement already satisfied: six>=1.5 in /usr/lib/python3/dist-packages (from python-dateutil>=2.7->matplotlib->pubsub==0.1.0) (1.16.0)
Building wheels for collected packages: pubsub
  Building editable for pubsub (pyproject.toml): started
  Building editable for pubsub (pyproject.toml): finished with status 'done'
  Created wheel for pubsub: filename=pubsub-0.1.0-0.editable-py3-none-any.whl size=1272 sha256=63cf66835de1f3457348b432b9070e3bddae5f961fe4b113939b7879dae8bfb5
  Stored in directory: /tmp/pip-ephem-wheel-cache-kw4xdyzz/wheels/07/2c/4f/c5ac9c5786a1f6dbed0377f9cfd6d13055aa72479f1a5ebf64
Successfully built pubsub
WARNING: Error parsing dependencies of send2trash: Expected matching RIGHT_PARENTHESIS for LEFT_PARENTHESIS, after version specifier
    sys-platform (=="darwin") ; extra == 'objc'
                 ~^
Installing collected packages: pubsub
Successfully installed pubsub-0.1.0

Installing slam...
Looking in indexes: https://pypi.org/simple, https://www.piwheels.org/simple
Obtaining file:///home/pi/slam-studio-backup/libraries/epp2/slam
  Installing build dependencies: started
  Installing build dependencies: finished with status 'done'
  Checking if build backend supports build_editable: started
  Checking if build backend supports build_editable: finished with status 'done'
  Getting requirements to build editable: started
  Getting requirements to build editable: finished with status 'done'
  Preparing editable metadata (pyproject.toml): started
  Preparing editable metadata (pyproject.toml): finished with status 'done'
Requirement already satisfied: numpy in /usr/lib/python3/dist-packages (from slam==0.1.0) (1.24.2)
Requirement already satisfied: matplotlib in ./env/lib/python3.11/site-packages (from slam==0.1.0) (3.10.1)
Requirement already satisfied: pyserial in /usr/lib/python3/dist-packages (from slam==0.1.0) (3.5)
Requirement already satisfied: contourpy>=1.0.1 in ./env/lib/python3.11/site-packages (from matplotlib->slam==0.1.0) (1.3.1)
Requirement already satisfied: cycler>=0.10 in ./env/lib/python3.11/site-packages (from matplotlib->slam==0.1.0) (0.12.1)
Requirement already satisfied: fonttools>=4.22.0 in ./env/lib/python3.11/site-packages (from matplotlib->slam==0.1.0) (4.57.0)
Requirement already satisfied: kiwisolver>=1.3.1 in ./env/lib/python3.11/site-packages (from matplotlib->slam==0.1.0) (1.4.8)
Requirement already satisfied: packaging>=20.0 in ./env/lib/python3.11/site-packages (from matplotlib->slam==0.1.0) (24.2)
Requirement already satisfied: pillow>=8 in /usr/lib/python3/dist-packages (from matplotlib->slam==0.1.0) (9.4.0)
Requirement already satisfied: pyparsing>=2.3.1 in ./env/lib/python3.11/site-packages (from matplotlib->slam==0.1.0) (3.2.3)
Requirement already satisfied: python-dateutil>=2.7 in ./env/lib/python3.11/site-packages (from matplotlib->slam==0.1.0) (2.9.0.post0)
Requirement already satisfied: six>=1.5 in /usr/lib/python3/dist-packages (from python-dateutil>=2.7->matplotlib->slam==0.1.0) (1.16.0)
Building wheels for collected packages: slam
  Building editable for slam (pyproject.toml): started
  Building editable for slam (pyproject.toml): finished with status 'done'
  Created wheel for slam: filename=slam-0.1.0-0.editable-py3-none-any.whl size=1247 sha256=f799d3b9257cc773c657dca066a3de98148b5f73ed2f22452fd7d19e1ba16c10
  Stored in directory: /tmp/pip-ephem-wheel-cache-q_qgj83q/wheels/8a/eb/bf/95083557174386f0251676e78bf7a5989107dda8fb699e0968
Successfully built slam
WARNING: Error parsing dependencies of send2trash: Expected matching RIGHT_PARENTHESIS for LEFT_PARENTHESIS, after version specifier
    sys-platform (=="darwin") ; extra == 'objc'
                 ~^
Installing collected packages: slam
Successfully installed slam-0.1.0

Setup complete. Exiting...
